2012-11-13 12:48:52.722:INFO::Logging to STDERR via org.mortbay.log.StdErrLog
2012-11-13 12:48:52.957:INFO::jetty-6.1-SNAPSHOT
2012-11-13 12:48:53.049:INFO::Extract file:/Applications/eclipse/workbench/revs/jetty/webapps/solr.war to /var/folders/OB/OBd-1bbBHmG5hewaK0KDAU+++TI/-Tmp-/Jetty_0_0_0_0_8888_solr.war__solr__3uqvz3/webapp
Nov 13, 2012 12:48:53 PM org.apache.solr.core.SolrResourceLoader locateSolrHome
INFO: JNDI not configured for solr (NoInitialContextEx)
Nov 13, 2012 12:48:53 PM org.apache.solr.core.SolrResourceLoader locateSolrHome
INFO: using system property solr.solr.home: /Applications/eclipse/workbench/revs/jetty/solr
Nov 13, 2012 12:48:53 PM org.apache.solr.core.SolrResourceLoader <init>
INFO: Solr home set to '/Applications/eclipse/workbench/revs/jetty/solr/'
Nov 13, 2012 12:48:53 PM org.apache.solr.servlet.SolrDispatchFilter init
INFO: SolrDispatchFilter.init()
Nov 13, 2012 12:48:53 PM org.apache.solr.core.SolrResourceLoader locateSolrHome
INFO: JNDI not configured for solr (NoInitialContextEx)
Nov 13, 2012 12:48:53 PM org.apache.solr.core.SolrResourceLoader locateSolrHome
INFO: using system property solr.solr.home: /Applications/eclipse/workbench/revs/jetty/solr
Nov 13, 2012 12:48:53 PM org.apache.solr.core.CoreContainer$Initializer initialize
INFO: looking for solr.xml: /Applications/eclipse/workbench/revs/jetty/solr/solr.xml
Nov 13, 2012 12:48:53 PM org.apache.solr.core.SolrResourceLoader locateSolrHome
INFO: JNDI not configured for solr (NoInitialContextEx)
Nov 13, 2012 12:48:53 PM org.apache.solr.core.SolrResourceLoader locateSolrHome
INFO: using system property solr.solr.home: /Applications/eclipse/workbench/revs/jetty/solr
Nov 13, 2012 12:48:53 PM org.apache.solr.core.CoreContainer <init>
INFO: New CoreContainer: solrHome=/Applications/eclipse/workbench/revs/jetty/solr/ instance=1754024567
Nov 13, 2012 12:48:53 PM org.apache.solr.core.SolrResourceLoader <init>
INFO: Solr home set to '/Applications/eclipse/workbench/revs/jetty/solr/'
Nov 13, 2012 12:48:53 PM org.apache.solr.core.CoreContainer load
INFO: loading shared library: /Applications/eclipse/workbench/revs/jetty/solr/lib
Nov 13, 2012 12:48:53 PM org.apache.solr.core.SolrResourceLoader <init>
INFO: Solr home set to '/Applications/eclipse/workbench/revs/jetty/solr/dev/'
Nov 13, 2012 12:48:53 PM org.apache.solr.core.SolrResourceLoader replaceClassLoader
INFO: Adding 'file:/Applications/eclipse/workbench/revs/jetty/solr/dev/lib/apache-solr-analysis-extras-3.5.0.jar' to classloader
Nov 13, 2012 12:48:53 PM org.apache.solr.core.SolrResourceLoader replaceClassLoader
INFO: Adding 'file:/Applications/eclipse/workbench/revs/jetty/solr/dev/lib/apache-solr-clustering-3.5.0.jar' to classloader
Nov 13, 2012 12:48:53 PM org.apache.solr.core.SolrResourceLoader replaceClassLoader
INFO: Adding 'file:/Applications/eclipse/workbench/revs/jetty/solr/dev/lib/apache-solr-langid-3.5.0.jar' to classloader
Nov 13, 2012 12:48:53 PM org.apache.solr.core.SolrResourceLoader replaceClassLoader
INFO: Adding 'file:/Applications/eclipse/workbench/revs/jetty/solr/dev/lib/apache-solr-velocity-3.5.0.jar' to classloader
Nov 13, 2012 12:48:54 PM org.apache.solr.core.SolrConfig initLibs
INFO: Adding specified lib dirs to ClassLoader
Nov 13, 2012 12:48:54 PM org.apache.solr.core.SolrResourceLoader replaceClassLoader
INFO: Adding 'file:/Applications/eclipse/workbench/revs/jetty/solr/dev/contrib/analysis-extras/lib/icu4j-4_8_1_1.jar' to classloader
Nov 13, 2012 12:48:54 PM org.apache.solr.core.SolrResourceLoader replaceClassLoader
INFO: Adding 'file:/Applications/eclipse/workbench/revs/jetty/solr/dev/contrib/analysis-extras/lib/icu4j-LICENSE-BSD_LIKE.txt' to classloader
Nov 13, 2012 12:48:54 PM org.apache.solr.core.SolrResourceLoader replaceClassLoader
INFO: Adding 'file:/Applications/eclipse/workbench/revs/jetty/solr/dev/contrib/analysis-extras/lib/icu4j-NOTICE.txt' to classloader
Nov 13, 2012 12:48:54 PM org.apache.solr.core.SolrResourceLoader replaceClassLoader
INFO: Adding 'file:/Applications/eclipse/workbench/revs/jetty/solr/dev/contrib/analysis-extras/lucene-libs/lucene-icu-3.5.0.jar' to classloader
Nov 13, 2012 12:48:54 PM org.apache.solr.core.SolrResourceLoader replaceClassLoader
INFO: Adding 'file:/Applications/eclipse/workbench/revs/jetty/solr/dev/contrib/analysis-extras/lucene-libs/lucene-smartcn-3.5.0.jar' to classloader
Nov 13, 2012 12:48:54 PM org.apache.solr.core.SolrResourceLoader replaceClassLoader
INFO: Adding 'file:/Applications/eclipse/workbench/revs/jetty/solr/dev/contrib/analysis-extras/lucene-libs/lucene-stempel-3.5.0.jar' to classloader
Nov 13, 2012 12:48:54 PM org.apache.solr.core.SolrResourceLoader replaceClassLoader
INFO: Adding 'file:/Applications/eclipse/workbench/revs/jetty/solr/dev/contrib/velocity/lib/commons-beanutils-1.7.0.jar' to classloader
Nov 13, 2012 12:48:54 PM org.apache.solr.core.SolrResourceLoader replaceClassLoader
INFO: Adding 'file:/Applications/eclipse/workbench/revs/jetty/solr/dev/contrib/velocity/lib/commons-beanutils-LICENSE-ASL.txt' to classloader
Nov 13, 2012 12:48:54 PM org.apache.solr.core.SolrResourceLoader replaceClassLoader
INFO: Adding 'file:/Applications/eclipse/workbench/revs/jetty/solr/dev/contrib/velocity/lib/commons-beanutils-NOTICE.txt' to classloader
Nov 13, 2012 12:48:54 PM org.apache.solr.core.SolrResourceLoader replaceClassLoader
INFO: Adding 'file:/Applications/eclipse/workbench/revs/jetty/solr/dev/contrib/velocity/lib/commons-collections-3.2.1.jar' to classloader
Nov 13, 2012 12:48:54 PM org.apache.solr.core.SolrResourceLoader replaceClassLoader
INFO: Adding 'file:/Applications/eclipse/workbench/revs/jetty/solr/dev/contrib/velocity/lib/commons-collections-LICENSE-ASL.txt' to classloader
Nov 13, 2012 12:48:54 PM org.apache.solr.core.SolrResourceLoader replaceClassLoader
INFO: Adding 'file:/Applications/eclipse/workbench/revs/jetty/solr/dev/contrib/velocity/lib/commons-collections-NOTICE.txt' to classloader
Nov 13, 2012 12:48:54 PM org.apache.solr.core.SolrResourceLoader replaceClassLoader
INFO: Adding 'file:/Applications/eclipse/workbench/revs/jetty/solr/dev/contrib/velocity/lib/velocity-1.6.4.jar' to classloader
Nov 13, 2012 12:48:54 PM org.apache.solr.core.SolrResourceLoader replaceClassLoader
INFO: Adding 'file:/Applications/eclipse/workbench/revs/jetty/solr/dev/contrib/velocity/lib/velocity-LICENSE-ASL.txt' to classloader
Nov 13, 2012 12:48:54 PM org.apache.solr.core.SolrResourceLoader replaceClassLoader
INFO: Adding 'file:/Applications/eclipse/workbench/revs/jetty/solr/dev/contrib/velocity/lib/velocity-NOTICE.txt' to classloader
Nov 13, 2012 12:48:54 PM org.apache.solr.core.SolrResourceLoader replaceClassLoader
INFO: Adding 'file:/Applications/eclipse/workbench/revs/jetty/solr/dev/contrib/velocity/lib/velocity-tools-2.0.jar' to classloader
Nov 13, 2012 12:48:54 PM org.apache.solr.core.SolrResourceLoader replaceClassLoader
INFO: Adding 'file:/Applications/eclipse/workbench/revs/jetty/solr/dev/contrib/velocity/lib/velocity-tools-LICENSE-ASL.txt' to classloader
Nov 13, 2012 12:48:54 PM org.apache.solr.core.SolrResourceLoader replaceClassLoader
INFO: Adding 'file:/Applications/eclipse/workbench/revs/jetty/solr/dev/contrib/velocity/lib/velocity-tools-NOTICE.txt' to classloader
Nov 13, 2012 12:48:54 PM org.apache.solr.core.SolrConfig <init>
INFO: Using Lucene MatchVersion: LUCENE_35
Nov 13, 2012 12:48:54 PM org.apache.solr.core.SolrConfig <init>
INFO: Loaded SolrConfig: solrconfig.xml
Nov 13, 2012 12:48:54 PM org.apache.solr.schema.IndexSchema readSchema
INFO: Reading Solr Schema
Nov 13, 2012 12:48:54 PM org.apache.solr.schema.IndexSchema readSchema
INFO: Schema name=Blacklight Demo Index
Nov 13, 2012 12:48:54 PM org.apache.solr.util.plugin.AbstractPluginLoader load
INFO: created string: org.apache.solr.schema.StrField
Nov 13, 2012 12:48:54 PM org.apache.solr.util.plugin.AbstractPluginLoader load
INFO: created boolean: org.apache.solr.schema.BoolField
Nov 13, 2012 12:48:54 PM org.apache.solr.util.plugin.AbstractPluginLoader load
INFO: created binary: org.apache.solr.schema.BinaryField
Nov 13, 2012 12:48:54 PM org.apache.solr.util.plugin.AbstractPluginLoader load
INFO: created int: org.apache.solr.schema.TrieIntField
Nov 13, 2012 12:48:54 PM org.apache.solr.util.plugin.AbstractPluginLoader load
INFO: created float: org.apache.solr.schema.TrieFloatField
Nov 13, 2012 12:48:54 PM org.apache.solr.util.plugin.AbstractPluginLoader load
INFO: created long: org.apache.solr.schema.TrieLongField
Nov 13, 2012 12:48:54 PM org.apache.solr.util.plugin.AbstractPluginLoader load
INFO: created double: org.apache.solr.schema.TrieDoubleField
Nov 13, 2012 12:48:54 PM org.apache.solr.util.plugin.AbstractPluginLoader load
INFO: created tint: org.apache.solr.schema.TrieIntField
Nov 13, 2012 12:48:54 PM org.apache.solr.util.plugin.AbstractPluginLoader load
INFO: created tfloat: org.apache.solr.schema.TrieFloatField
Nov 13, 2012 12:48:54 PM org.apache.solr.util.plugin.AbstractPluginLoader load
INFO: created tlong: org.apache.solr.schema.TrieLongField
Nov 13, 2012 12:48:54 PM org.apache.solr.util.plugin.AbstractPluginLoader load
INFO: created tdouble: org.apache.solr.schema.TrieDoubleField
Nov 13, 2012 12:48:54 PM org.apache.solr.util.plugin.AbstractPluginLoader load
INFO: created date: org.apache.solr.schema.TrieDateField
Nov 13, 2012 12:48:54 PM org.apache.solr.util.plugin.AbstractPluginLoader load
INFO: created tdate: org.apache.solr.schema.TrieDateField
Nov 13, 2012 12:48:54 PM org.apache.solr.util.plugin.AbstractPluginLoader load
INFO: created pint: org.apache.solr.schema.IntField
Nov 13, 2012 12:48:54 PM org.apache.solr.util.plugin.AbstractPluginLoader load
INFO: created plong: org.apache.solr.schema.LongField
Nov 13, 2012 12:48:54 PM org.apache.solr.util.plugin.AbstractPluginLoader load
INFO: created pfloat: org.apache.solr.schema.FloatField
Nov 13, 2012 12:48:54 PM org.apache.solr.util.plugin.AbstractPluginLoader load
INFO: created pdouble: org.apache.solr.schema.DoubleField
Nov 13, 2012 12:48:54 PM org.apache.solr.util.plugin.AbstractPluginLoader load
INFO: created pdate: org.apache.solr.schema.DateField
Nov 13, 2012 12:48:54 PM org.apache.solr.util.plugin.AbstractPluginLoader load
INFO: created sint: org.apache.solr.schema.SortableIntField
Nov 13, 2012 12:48:54 PM org.apache.solr.util.plugin.AbstractPluginLoader load
INFO: created slong: org.apache.solr.schema.SortableLongField
Nov 13, 2012 12:48:54 PM org.apache.solr.util.plugin.AbstractPluginLoader load
INFO: created sfloat: org.apache.solr.schema.SortableFloatField
Nov 13, 2012 12:48:54 PM org.apache.solr.util.plugin.AbstractPluginLoader load
INFO: created sdouble: org.apache.solr.schema.SortableDoubleField
Nov 13, 2012 12:48:54 PM org.apache.solr.util.plugin.AbstractPluginLoader load
INFO: created random: org.apache.solr.schema.RandomSortField
Nov 13, 2012 12:48:54 PM org.apache.solr.util.plugin.AbstractPluginLoader load
INFO: created : org.apache.solr.analysis.StandardTokenizerFactory
Nov 13, 2012 12:48:54 PM org.apache.solr.util.plugin.AbstractPluginLoader load
INFO: created : org.apache.solr.analysis.ICUFoldingFilterFactory
Nov 13, 2012 12:48:54 PM org.apache.solr.util.plugin.AbstractPluginLoader load
INFO: created : org.apache.solr.analysis.StopFilterFactory
Nov 13, 2012 12:48:54 PM org.apache.solr.util.plugin.AbstractPluginLoader load
INFO: created : org.apache.solr.analysis.SnowballPorterFilterFactory
Nov 13, 2012 12:48:54 PM org.apache.solr.util.plugin.AbstractPluginLoader load
INFO: created text: org.apache.solr.schema.TextField
Nov 13, 2012 12:48:54 PM org.apache.solr.util.plugin.AbstractPluginLoader load
INFO: created : org.apache.solr.analysis.WhitespaceTokenizerFactory
Nov 13, 2012 12:48:54 PM org.apache.solr.util.plugin.AbstractPluginLoader load
INFO: created text_ws: org.apache.solr.schema.TextField
Nov 13, 2012 12:48:54 PM org.apache.solr.util.plugin.AbstractPluginLoader load
INFO: created : org.apache.solr.analysis.StandardTokenizerFactory
Nov 13, 2012 12:48:54 PM org.apache.solr.util.plugin.AbstractPluginLoader load
INFO: created : org.apache.solr.analysis.StopFilterFactory
Nov 13, 2012 12:48:54 PM org.apache.solr.util.plugin.AbstractPluginLoader load
INFO: created : org.apache.solr.analysis.SynonymFilterFactory
Nov 13, 2012 12:48:54 PM org.apache.solr.util.plugin.AbstractPluginLoader load
INFO: created : org.apache.solr.analysis.LowerCaseFilterFactory
Nov 13, 2012 12:48:54 PM org.apache.solr.util.plugin.AbstractPluginLoader load
INFO: created : org.apache.solr.analysis.StandardTokenizerFactory
Nov 13, 2012 12:48:54 PM org.apache.solr.util.plugin.AbstractPluginLoader load
INFO: created : org.apache.solr.analysis.StopFilterFactory
Nov 13, 2012 12:48:54 PM org.apache.solr.util.plugin.AbstractPluginLoader load
INFO: created : org.apache.solr.analysis.LowerCaseFilterFactory
Nov 13, 2012 12:48:54 PM org.apache.solr.util.plugin.AbstractPluginLoader load
INFO: created text_general: org.apache.solr.schema.TextField
Nov 13, 2012 12:48:54 PM org.apache.solr.util.plugin.AbstractPluginLoader load
INFO: created : org.apache.solr.analysis.StandardTokenizerFactory
Nov 13, 2012 12:48:54 PM org.apache.solr.util.plugin.AbstractPluginLoader load
INFO: created : org.apache.solr.analysis.SynonymFilterFactory
Nov 13, 2012 12:48:54 PM org.apache.solr.util.plugin.AbstractPluginLoader load
INFO: created : org.apache.solr.analysis.StopFilterFactory
Nov 13, 2012 12:48:54 PM org.apache.solr.util.plugin.AbstractPluginLoader load
INFO: created : org.apache.solr.analysis.LowerCaseFilterFactory
Nov 13, 2012 12:48:54 PM org.apache.solr.util.plugin.AbstractPluginLoader load
INFO: created : org.apache.solr.analysis.EnglishPossessiveFilterFactory
Nov 13, 2012 12:48:54 PM org.apache.solr.util.plugin.AbstractPluginLoader load
INFO: created : org.apache.solr.analysis.KeywordMarkerFilterFactory
Nov 13, 2012 12:48:54 PM org.apache.solr.util.plugin.AbstractPluginLoader load
INFO: created : org.apache.solr.analysis.PorterStemFilterFactory
Nov 13, 2012 12:48:54 PM org.apache.solr.util.plugin.AbstractPluginLoader load
INFO: created : org.apache.solr.analysis.StandardTokenizerFactory
Nov 13, 2012 12:48:54 PM org.apache.solr.util.plugin.AbstractPluginLoader load
INFO: created : org.apache.solr.analysis.StopFilterFactory
Nov 13, 2012 12:48:54 PM org.apache.solr.util.plugin.AbstractPluginLoader load
INFO: created : org.apache.solr.analysis.LowerCaseFilterFactory
Nov 13, 2012 12:48:54 PM org.apache.solr.util.plugin.AbstractPluginLoader load
INFO: created : org.apache.solr.analysis.EnglishPossessiveFilterFactory
Nov 13, 2012 12:48:54 PM org.apache.solr.util.plugin.AbstractPluginLoader load
INFO: created : org.apache.solr.analysis.KeywordMarkerFilterFactory
Nov 13, 2012 12:48:54 PM org.apache.solr.util.plugin.AbstractPluginLoader load
INFO: created : org.apache.solr.analysis.PorterStemFilterFactory
Nov 13, 2012 12:48:54 PM org.apache.solr.util.plugin.AbstractPluginLoader load
INFO: created text_en: org.apache.solr.schema.TextField
Nov 13, 2012 12:48:54 PM org.apache.solr.util.plugin.AbstractPluginLoader load
INFO: created : org.apache.solr.analysis.WhitespaceTokenizerFactory
Nov 13, 2012 12:48:54 PM org.apache.solr.util.plugin.AbstractPluginLoader load
INFO: created : org.apache.solr.analysis.SynonymFilterFactory
Nov 13, 2012 12:48:54 PM org.apache.solr.util.plugin.AbstractPluginLoader load
INFO: created : org.apache.solr.analysis.StopFilterFactory
Nov 13, 2012 12:48:54 PM org.apache.solr.util.plugin.AbstractPluginLoader load
INFO: created : org.apache.solr.analysis.WordDelimiterFilterFactory
Nov 13, 2012 12:48:54 PM org.apache.solr.util.plugin.AbstractPluginLoader load
INFO: created : org.apache.solr.analysis.LowerCaseFilterFactory
Nov 13, 2012 12:48:54 PM org.apache.solr.util.plugin.AbstractPluginLoader load
INFO: created : org.apache.solr.analysis.KeywordMarkerFilterFactory
Nov 13, 2012 12:48:54 PM org.apache.solr.util.plugin.AbstractPluginLoader load
INFO: created : org.apache.solr.analysis.PorterStemFilterFactory
Nov 13, 2012 12:48:54 PM org.apache.solr.util.plugin.AbstractPluginLoader load
INFO: created : org.apache.solr.analysis.WhitespaceTokenizerFactory
Nov 13, 2012 12:48:54 PM org.apache.solr.util.plugin.AbstractPluginLoader load
INFO: created : org.apache.solr.analysis.StopFilterFactory
Nov 13, 2012 12:48:54 PM org.apache.solr.util.plugin.AbstractPluginLoader load
INFO: created : org.apache.solr.analysis.WordDelimiterFilterFactory
Nov 13, 2012 12:48:54 PM org.apache.solr.util.plugin.AbstractPluginLoader load
INFO: created : org.apache.solr.analysis.LowerCaseFilterFactory
Nov 13, 2012 12:48:54 PM org.apache.solr.util.plugin.AbstractPluginLoader load
INFO: created : org.apache.solr.analysis.KeywordMarkerFilterFactory
Nov 13, 2012 12:48:54 PM org.apache.solr.util.plugin.AbstractPluginLoader load
INFO: created : org.apache.solr.analysis.PorterStemFilterFactory
Nov 13, 2012 12:48:54 PM org.apache.solr.util.plugin.AbstractPluginLoader load
INFO: created text_en_splitting: org.apache.solr.schema.TextField
Nov 13, 2012 12:48:54 PM org.apache.solr.util.plugin.AbstractPluginLoader load
INFO: created : org.apache.solr.analysis.WhitespaceTokenizerFactory
Nov 13, 2012 12:48:54 PM org.apache.solr.util.plugin.AbstractPluginLoader load
INFO: created : org.apache.solr.analysis.SynonymFilterFactory
Nov 13, 2012 12:48:54 PM org.apache.solr.util.plugin.AbstractPluginLoader load
INFO: created : org.apache.solr.analysis.StopFilterFactory
Nov 13, 2012 12:48:54 PM org.apache.solr.util.plugin.AbstractPluginLoader load
INFO: created : org.apache.solr.analysis.WordDelimiterFilterFactory
Nov 13, 2012 12:48:54 PM org.apache.solr.util.plugin.AbstractPluginLoader load
INFO: created : org.apache.solr.analysis.LowerCaseFilterFactory
Nov 13, 2012 12:48:54 PM org.apache.solr.util.plugin.AbstractPluginLoader load
INFO: created : org.apache.solr.analysis.KeywordMarkerFilterFactory
Nov 13, 2012 12:48:54 PM org.apache.solr.util.plugin.AbstractPluginLoader load
INFO: created : org.apache.solr.analysis.EnglishMinimalStemFilterFactory
Nov 13, 2012 12:48:54 PM org.apache.solr.util.plugin.AbstractPluginLoader load
INFO: created : org.apache.solr.analysis.RemoveDuplicatesTokenFilterFactory
Nov 13, 2012 12:48:54 PM org.apache.solr.util.plugin.AbstractPluginLoader load
INFO: created text_en_splitting_tight: org.apache.solr.schema.TextField
Nov 13, 2012 12:48:54 PM org.apache.solr.util.plugin.AbstractPluginLoader load
INFO: created : org.apache.solr.analysis.StandardTokenizerFactory
Nov 13, 2012 12:48:54 PM org.apache.solr.util.plugin.AbstractPluginLoader load
INFO: created : org.apache.solr.analysis.SynonymFilterFactory
Nov 13, 2012 12:48:54 PM org.apache.solr.util.plugin.AbstractPluginLoader load
INFO: created : org.apache.solr.analysis.StopFilterFactory
Nov 13, 2012 12:48:54 PM org.apache.solr.util.plugin.AbstractPluginLoader load
INFO: created : org.apache.solr.analysis.LowerCaseFilterFactory
Nov 13, 2012 12:48:54 PM org.apache.solr.util.plugin.AbstractPluginLoader load
INFO: created : org.apache.solr.analysis.StandardTokenizerFactory
Nov 13, 2012 12:48:54 PM org.apache.solr.util.plugin.AbstractPluginLoader load
INFO: created : org.apache.solr.analysis.StopFilterFactory
Nov 13, 2012 12:48:54 PM org.apache.solr.util.plugin.AbstractPluginLoader load
INFO: created : org.apache.solr.analysis.LowerCaseFilterFactory
Nov 13, 2012 12:48:54 PM org.apache.solr.util.plugin.AbstractPluginLoader load
INFO: created : org.apache.solr.analysis.ReversedWildcardFilterFactory
Nov 13, 2012 12:48:54 PM org.apache.solr.util.plugin.AbstractPluginLoader load
INFO: created text_general_rev: org.apache.solr.schema.TextField
Nov 13, 2012 12:48:54 PM org.apache.solr.util.plugin.AbstractPluginLoader load
INFO: created : org.apache.solr.analysis.StandardTokenizerFactory
Nov 13, 2012 12:48:54 PM org.apache.solr.util.plugin.AbstractPluginLoader load
INFO: created : org.apache.solr.analysis.StopFilterFactory
Nov 13, 2012 12:48:54 PM org.apache.solr.util.plugin.AbstractPluginLoader load
INFO: created : org.apache.solr.analysis.StandardFilterFactory
Nov 13, 2012 12:48:54 PM org.apache.solr.util.plugin.AbstractPluginLoader load
INFO: created : org.apache.solr.analysis.LowerCaseFilterFactory
Nov 13, 2012 12:48:54 PM org.apache.solr.util.plugin.AbstractPluginLoader load
INFO: created : org.apache.solr.analysis.RemoveDuplicatesTokenFilterFactory
Nov 13, 2012 12:48:54 PM org.apache.solr.util.plugin.AbstractPluginLoader load
INFO: created textSpell: org.apache.solr.schema.TextField
Nov 13, 2012 12:48:54 PM org.apache.solr.util.plugin.AbstractPluginLoader load
INFO: created : org.apache.solr.analysis.KeywordTokenizerFactory
Nov 13, 2012 12:48:54 PM org.apache.solr.util.plugin.AbstractPluginLoader load
INFO: created : org.apache.solr.analysis.LowerCaseFilterFactory
Nov 13, 2012 12:48:54 PM org.apache.solr.util.plugin.AbstractPluginLoader load
INFO: created : org.apache.solr.analysis.TrimFilterFactory
Nov 13, 2012 12:48:54 PM org.apache.solr.util.plugin.AbstractPluginLoader load
INFO: created : org.apache.solr.analysis.PatternReplaceFilterFactory
Nov 13, 2012 12:48:54 PM org.apache.solr.util.plugin.AbstractPluginLoader load
INFO: created alphaOnlySort: org.apache.solr.schema.TextField
Nov 13, 2012 12:48:54 PM org.apache.solr.util.plugin.AbstractPluginLoader load
INFO: created : org.apache.solr.analysis.StandardTokenizerFactory
Nov 13, 2012 12:48:54 PM org.apache.solr.util.plugin.AbstractPluginLoader load
INFO: created : org.apache.solr.analysis.DoubleMetaphoneFilterFactory
Nov 13, 2012 12:48:54 PM org.apache.solr.util.plugin.AbstractPluginLoader load
INFO: created phonetic: org.apache.solr.schema.TextField
Nov 13, 2012 12:48:54 PM org.apache.solr.util.plugin.AbstractPluginLoader load
INFO: created : org.apache.solr.analysis.WhitespaceTokenizerFactory
Nov 13, 2012 12:48:54 PM org.apache.solr.util.plugin.AbstractPluginLoader load
INFO: created : org.apache.solr.analysis.DelimitedPayloadTokenFilterFactory
Nov 13, 2012 12:48:54 PM org.apache.solr.util.plugin.AbstractPluginLoader load
INFO: created payloads: org.apache.solr.schema.TextField
Nov 13, 2012 12:48:54 PM org.apache.solr.util.plugin.AbstractPluginLoader load
INFO: created : org.apache.solr.analysis.KeywordTokenizerFactory
Nov 13, 2012 12:48:54 PM org.apache.solr.util.plugin.AbstractPluginLoader load
INFO: created : org.apache.solr.analysis.LowerCaseFilterFactory
Nov 13, 2012 12:48:54 PM org.apache.solr.util.plugin.AbstractPluginLoader load
INFO: created lowercase: org.apache.solr.schema.TextField
Nov 13, 2012 12:48:54 PM org.apache.solr.util.plugin.AbstractPluginLoader load
INFO: created : org.apache.solr.analysis.PathHierarchyTokenizerFactory
Nov 13, 2012 12:48:54 PM org.apache.solr.util.plugin.AbstractPluginLoader load
INFO: created text_path: org.apache.solr.schema.TextField
Nov 13, 2012 12:48:54 PM org.apache.solr.util.plugin.AbstractPluginLoader load
INFO: created ignored: org.apache.solr.schema.StrField
Nov 13, 2012 12:48:54 PM org.apache.solr.util.plugin.AbstractPluginLoader load
INFO: created point: org.apache.solr.schema.PointType
Nov 13, 2012 12:48:54 PM org.apache.solr.util.plugin.AbstractPluginLoader load
INFO: created location: org.apache.solr.schema.LatLonType
Nov 13, 2012 12:48:54 PM org.apache.solr.util.plugin.AbstractPluginLoader load
INFO: created geohash: org.apache.solr.schema.GeoHashField
Nov 13, 2012 12:48:55 PM org.apache.solr.schema.IndexSchema readSchema
INFO: default search field is text
Nov 13, 2012 12:48:55 PM org.apache.solr.schema.IndexSchema readSchema
INFO: query parser default operator is OR
Nov 13, 2012 12:48:55 PM org.apache.solr.schema.IndexSchema readSchema
INFO: unique key field: id
Nov 13, 2012 12:48:55 PM org.apache.solr.core.SolrCore <init>
INFO: [dev] Opening new SolrCore at /Applications/eclipse/workbench/revs/jetty/solr/dev/, dataDir=/Applications/eclipse/workbench/revs/jetty/solr/dev/data/
Nov 13, 2012 12:48:55 PM org.apache.solr.core.JmxMonitoredMap <init>
INFO: No JMX servers found, not exposing Solr information with JMX.
Nov 13, 2012 12:48:55 PM org.apache.solr.core.SolrCore initListeners
INFO: [dev] Added SolrEventListener for newSearcher: org.apache.solr.core.QuerySenderListener{queries=[]}
Nov 13, 2012 12:48:55 PM org.apache.solr.core.SolrCore initListeners
INFO: [dev] Added SolrEventListener for firstSearcher: org.apache.solr.core.QuerySenderListener{queries=[{q=static firstSearcher warming in solrconfig.xml}]}
Nov 13, 2012 12:48:55 PM org.apache.solr.response.XSLTResponseWriter init
INFO: xsltCacheLifetimeSeconds=5
Nov 13, 2012 12:48:55 PM org.apache.solr.core.RequestHandlers initHandlersFromConfig
INFO: created search: solr.SearchHandler
Nov 13, 2012 12:48:55 PM org.apache.solr.core.RequestHandlers initHandlersFromConfig
INFO: created document: solr.SearchHandler
Nov 13, 2012 12:48:55 PM org.apache.solr.core.RequestHandlers initHandlersFromConfig
INFO: created advanced: solr.SearchHandler
Nov 13, 2012 12:48:55 PM org.apache.solr.core.RequestHandlers initHandlersFromConfig
INFO: created /update: solr.XmlUpdateRequestHandler
Nov 13, 2012 12:48:55 PM org.apache.solr.core.RequestHandlers initHandlersFromConfig
INFO: created /update/javabin: solr.BinaryUpdateRequestHandler
Nov 13, 2012 12:48:55 PM org.apache.solr.core.RequestHandlers initHandlersFromConfig
INFO: adding lazy requestHandler: solr.CSVRequestHandler
Nov 13, 2012 12:48:55 PM org.apache.solr.core.RequestHandlers initHandlersFromConfig
INFO: created /update/csv: solr.CSVRequestHandler
Nov 13, 2012 12:48:55 PM org.apache.solr.core.RequestHandlers initHandlersFromConfig
INFO: adding lazy requestHandler: solr.JsonUpdateRequestHandler
Nov 13, 2012 12:48:55 PM org.apache.solr.core.RequestHandlers initHandlersFromConfig
INFO: created /update/json: solr.JsonUpdateRequestHandler
Nov 13, 2012 12:48:55 PM org.apache.solr.core.RequestHandlers initHandlersFromConfig
INFO: adding lazy requestHandler: solr.extraction.ExtractingRequestHandler
Nov 13, 2012 12:48:55 PM org.apache.solr.core.RequestHandlers initHandlersFromConfig
INFO: created /update/extract: solr.extraction.ExtractingRequestHandler
Nov 13, 2012 12:48:55 PM org.apache.solr.core.RequestHandlers initHandlersFromConfig
INFO: adding lazy requestHandler: solr.FieldAnalysisRequestHandler
Nov 13, 2012 12:48:55 PM org.apache.solr.core.RequestHandlers initHandlersFromConfig
INFO: created /analysis/field: solr.FieldAnalysisRequestHandler
Nov 13, 2012 12:48:55 PM org.apache.solr.core.RequestHandlers initHandlersFromConfig
INFO: adding lazy requestHandler: solr.DocumentAnalysisRequestHandler
Nov 13, 2012 12:48:55 PM org.apache.solr.core.RequestHandlers initHandlersFromConfig
INFO: created /analysis/document: solr.DocumentAnalysisRequestHandler
Nov 13, 2012 12:48:55 PM org.apache.solr.core.RequestHandlers initHandlersFromConfig
INFO: created /admin/: solr.admin.AdminHandlers
Nov 13, 2012 12:48:55 PM org.apache.solr.core.RequestHandlers initHandlersFromConfig
INFO: created /admin/ping: solr.PingRequestHandler
Nov 13, 2012 12:48:55 PM org.apache.solr.core.RequestHandlers initHandlersFromConfig
INFO: created /debug/dump: solr.DumpRequestHandler
Nov 13, 2012 12:48:55 PM org.apache.solr.core.RequestHandlers initHandlersFromConfig
INFO: adding lazy requestHandler: solr.SearchHandler
Nov 13, 2012 12:48:55 PM org.apache.solr.core.RequestHandlers initHandlersFromConfig
INFO: created /spell: solr.SearchHandler
Nov 13, 2012 12:48:55 PM org.apache.solr.core.RequestHandlers initHandlersFromConfig
INFO: adding lazy requestHandler: solr.SearchHandler
Nov 13, 2012 12:48:55 PM org.apache.solr.core.RequestHandlers initHandlersFromConfig
INFO: created tvrh: solr.SearchHandler
Nov 13, 2012 12:48:55 PM org.apache.solr.core.RequestHandlers initHandlersFromConfig
INFO: adding lazy requestHandler: solr.SearchHandler
Nov 13, 2012 12:48:55 PM org.apache.solr.core.RequestHandlers initHandlersFromConfig
INFO: created /terms: solr.SearchHandler
Nov 13, 2012 12:48:55 PM org.apache.solr.core.RequestHandlers initHandlersFromConfig
INFO: adding lazy requestHandler: solr.SearchHandler
Nov 13, 2012 12:48:55 PM org.apache.solr.core.RequestHandlers initHandlersFromConfig
INFO: created /elevate: solr.SearchHandler
Nov 13, 2012 12:48:55 PM org.apache.solr.search.SolrIndexSearcher <init>
INFO: Opening Searcher@619646fd main
Nov 13, 2012 12:48:55 PM org.apache.solr.update.CommitTracker <init>
INFO: commitTracker AutoCommit: disabled
Nov 13, 2012 12:48:55 PM org.apache.solr.handler.component.SpellCheckComponent inform
INFO: Initializing spell checkers
Nov 13, 2012 12:48:55 PM org.apache.solr.handler.component.SpellCheckComponent inform
INFO: Registering newSearcher listener for spellchecker: default
Nov 13, 2012 12:48:55 PM org.apache.solr.handler.component.SpellCheckComponent inform
INFO: Registering newSearcher listener for spellchecker: author
Nov 13, 2012 12:48:55 PM org.apache.solr.handler.component.SpellCheckComponent inform
INFO: Registering newSearcher listener for spellchecker: subject
Nov 13, 2012 12:48:55 PM org.apache.solr.handler.component.SpellCheckComponent inform
INFO: Registering newSearcher listener for spellchecker: title
Nov 13, 2012 12:48:55 PM org.apache.solr.handler.component.SpellCheckComponent inform
WARNING: No queryConverter defined, using default converter
Nov 13, 2012 12:48:55 PM org.apache.solr.handler.component.QueryElevationComponent inform
INFO: Loading QueryElevation from: /Applications/eclipse/workbench/revs/jetty/solr/dev/conf/elevate.xml
Nov 13, 2012 12:48:55 PM org.apache.solr.handler.component.SearchHandler inform
INFO: Adding  component:org.apache.solr.handler.component.QueryComponent@74893969
Nov 13, 2012 12:48:55 PM org.apache.solr.handler.component.SearchHandler inform
INFO: Adding  component:org.apache.solr.handler.component.FacetComponent@5d185844
Nov 13, 2012 12:48:55 PM org.apache.solr.handler.component.SearchHandler inform
INFO: Adding  component:org.apache.solr.handler.component.MoreLikeThisComponent@694b081b
Nov 13, 2012 12:48:55 PM org.apache.solr.handler.component.SearchHandler inform
INFO: Adding  component:org.apache.solr.handler.component.HighlightComponent@3d015a9e
Nov 13, 2012 12:48:55 PM org.apache.solr.handler.component.SearchHandler inform
INFO: Adding  component:org.apache.solr.handler.component.StatsComponent@23e45a5c
Nov 13, 2012 12:48:55 PM org.apache.solr.handler.component.SearchHandler inform
INFO: Adding  component:org.apache.solr.handler.component.SpellCheckComponent@64e8606c
Nov 13, 2012 12:48:55 PM org.apache.solr.handler.component.SearchHandler inform
INFO: Adding  debug component:org.apache.solr.handler.component.DebugComponent@54128635
Nov 13, 2012 12:48:55 PM org.apache.solr.handler.component.SearchHandler inform
INFO: Adding  component:org.apache.solr.handler.component.QueryComponent@74893969
Nov 13, 2012 12:48:55 PM org.apache.solr.handler.component.SearchHandler inform
INFO: Adding  component:org.apache.solr.handler.component.FacetComponent@5d185844
Nov 13, 2012 12:48:55 PM org.apache.solr.handler.component.SearchHandler inform
INFO: Adding  component:org.apache.solr.handler.component.MoreLikeThisComponent@694b081b
Nov 13, 2012 12:48:55 PM org.apache.solr.handler.component.SearchHandler inform
INFO: Adding  component:org.apache.solr.handler.component.HighlightComponent@3d015a9e
Nov 13, 2012 12:48:55 PM org.apache.solr.handler.component.SearchHandler inform
INFO: Adding  component:org.apache.solr.handler.component.StatsComponent@23e45a5c
Nov 13, 2012 12:48:55 PM org.apache.solr.handler.component.SearchHandler inform
INFO: Adding  debug component:org.apache.solr.handler.component.DebugComponent@54128635
Nov 13, 2012 12:48:55 PM org.apache.solr.handler.component.SearchHandler inform
INFO: Adding  component:org.apache.solr.handler.component.QueryComponent@74893969
Nov 13, 2012 12:48:55 PM org.apache.solr.handler.component.SearchHandler inform
INFO: Adding  component:org.apache.solr.handler.component.FacetComponent@5d185844
Nov 13, 2012 12:48:55 PM org.apache.solr.handler.component.SearchHandler inform
INFO: Adding  component:org.apache.solr.handler.component.MoreLikeThisComponent@694b081b
Nov 13, 2012 12:48:55 PM org.apache.solr.handler.component.SearchHandler inform
INFO: Adding  component:org.apache.solr.handler.component.HighlightComponent@3d015a9e
Nov 13, 2012 12:48:55 PM org.apache.solr.handler.component.SearchHandler inform
INFO: Adding  component:org.apache.solr.handler.component.StatsComponent@23e45a5c
Nov 13, 2012 12:48:55 PM org.apache.solr.handler.component.SearchHandler inform
INFO: Adding  component:org.apache.solr.handler.component.SpellCheckComponent@64e8606c
Nov 13, 2012 12:48:55 PM org.apache.solr.handler.component.SearchHandler inform
INFO: Adding  debug component:org.apache.solr.handler.component.DebugComponent@54128635
Nov 13, 2012 12:48:55 PM org.apache.solr.core.QuerySenderListener newSearcher
INFO: QuerySenderListener sending requests to Searcher@619646fd main
Nov 13, 2012 12:48:55 PM org.apache.solr.core.CoreContainer register
INFO: registering core: dev
Nov 13, 2012 12:48:55 PM org.apache.solr.core.SolrResourceLoader <init>
INFO: Solr home set to '/Applications/eclipse/workbench/revs/jetty/solr/test/'
Nov 13, 2012 12:48:55 PM org.apache.solr.core.SolrResourceLoader replaceClassLoader
INFO: Adding 'file:/Applications/eclipse/workbench/revs/jetty/solr/test/lib/apache-solr-analysis-extras-3.5.0.jar' to classloader
Nov 13, 2012 12:48:55 PM org.apache.solr.core.SolrResourceLoader replaceClassLoader
INFO: Adding 'file:/Applications/eclipse/workbench/revs/jetty/solr/test/lib/apache-solr-clustering-3.5.0.jar' to classloader
Nov 13, 2012 12:48:55 PM org.apache.solr.core.SolrResourceLoader replaceClassLoader
INFO: Adding 'file:/Applications/eclipse/workbench/revs/jetty/solr/test/lib/apache-solr-langid-3.5.0.jar' to classloader
Nov 13, 2012 12:48:55 PM org.apache.solr.core.SolrResourceLoader replaceClassLoader
INFO: Adding 'file:/Applications/eclipse/workbench/revs/jetty/solr/test/lib/apache-solr-velocity-3.5.0.jar' to classloader
Nov 13, 2012 12:48:55 PM org.apache.solr.core.SolrConfig initLibs
INFO: Adding specified lib dirs to ClassLoader
Nov 13, 2012 12:48:55 PM org.apache.solr.core.SolrResourceLoader replaceClassLoader
INFO: Adding 'file:/Applications/eclipse/workbench/revs/jetty/solr/test/contrib/analysis-extras/lib/icu4j-4_8_1_1.jar' to classloader
Nov 13, 2012 12:48:55 PM org.apache.solr.core.SolrResourceLoader replaceClassLoader
INFO: Adding 'file:/Applications/eclipse/workbench/revs/jetty/solr/test/contrib/analysis-extras/lib/icu4j-LICENSE-BSD_LIKE.txt' to classloader
Nov 13, 2012 12:48:55 PM org.apache.solr.core.SolrResourceLoader replaceClassLoader
INFO: Adding 'file:/Applications/eclipse/workbench/revs/jetty/solr/test/contrib/analysis-extras/lib/icu4j-NOTICE.txt' to classloader
Nov 13, 2012 12:48:55 PM org.apache.solr.core.SolrResourceLoader replaceClassLoader
INFO: Adding 'file:/Applications/eclipse/workbench/revs/jetty/solr/test/contrib/analysis-extras/lucene-libs/lucene-icu-3.5.0.jar' to classloader
Nov 13, 2012 12:48:55 PM org.apache.solr.core.SolrResourceLoader replaceClassLoader
INFO: Adding 'file:/Applications/eclipse/workbench/revs/jetty/solr/test/contrib/analysis-extras/lucene-libs/lucene-smartcn-3.5.0.jar' to classloader
Nov 13, 2012 12:48:55 PM org.apache.solr.core.SolrResourceLoader replaceClassLoader
INFO: Adding 'file:/Applications/eclipse/workbench/revs/jetty/solr/test/contrib/analysis-extras/lucene-libs/lucene-stempel-3.5.0.jar' to classloader
Nov 13, 2012 12:48:55 PM org.apache.solr.core.SolrResourceLoader replaceClassLoader
INFO: Adding 'file:/Applications/eclipse/workbench/revs/jetty/solr/test/contrib/velocity/lib/commons-beanutils-1.7.0.jar' to classloader
Nov 13, 2012 12:48:55 PM org.apache.solr.core.SolrResourceLoader replaceClassLoader
INFO: Adding 'file:/Applications/eclipse/workbench/revs/jetty/solr/test/contrib/velocity/lib/commons-beanutils-LICENSE-ASL.txt' to classloader
Nov 13, 2012 12:48:55 PM org.apache.solr.core.SolrResourceLoader replaceClassLoader
INFO: Adding 'file:/Applications/eclipse/workbench/revs/jetty/solr/test/contrib/velocity/lib/commons-beanutils-NOTICE.txt' to classloader
Nov 13, 2012 12:48:55 PM org.apache.solr.core.SolrResourceLoader replaceClassLoader
INFO: Adding 'file:/Applications/eclipse/workbench/revs/jetty/solr/test/contrib/velocity/lib/commons-collections-3.2.1.jar' to classloader
Nov 13, 2012 12:48:55 PM org.apache.solr.core.SolrResourceLoader replaceClassLoader
INFO: Adding 'file:/Applications/eclipse/workbench/revs/jetty/solr/test/contrib/velocity/lib/commons-collections-LICENSE-ASL.txt' to classloader
Nov 13, 2012 12:48:55 PM org.apache.solr.core.SolrResourceLoader replaceClassLoader
INFO: Adding 'file:/Applications/eclipse/workbench/revs/jetty/solr/test/contrib/velocity/lib/commons-collections-NOTICE.txt' to classloader
Nov 13, 2012 12:48:55 PM org.apache.solr.core.SolrResourceLoader replaceClassLoader
INFO: Adding 'file:/Applications/eclipse/workbench/revs/jetty/solr/test/contrib/velocity/lib/velocity-1.6.4.jar' to classloader
Nov 13, 2012 12:48:55 PM org.apache.solr.core.SolrResourceLoader replaceClassLoader
INFO: Adding 'file:/Applications/eclipse/workbench/revs/jetty/solr/test/contrib/velocity/lib/velocity-LICENSE-ASL.txt' to classloader
Nov 13, 2012 12:48:55 PM org.apache.solr.core.SolrResourceLoader replaceClassLoader
INFO: Adding 'file:/Applications/eclipse/workbench/revs/jetty/solr/test/contrib/velocity/lib/velocity-NOTICE.txt' to classloader
Nov 13, 2012 12:48:55 PM org.apache.solr.core.SolrResourceLoader replaceClassLoader
INFO: Adding 'file:/Applications/eclipse/workbench/revs/jetty/solr/test/contrib/velocity/lib/velocity-tools-2.0.jar' to classloader
Nov 13, 2012 12:48:55 PM org.apache.solr.core.SolrResourceLoader replaceClassLoader
INFO: Adding 'file:/Applications/eclipse/workbench/revs/jetty/solr/test/contrib/velocity/lib/velocity-tools-LICENSE-ASL.txt' to classloader
Nov 13, 2012 12:48:55 PM org.apache.solr.core.SolrResourceLoader replaceClassLoader
INFO: Adding 'file:/Applications/eclipse/workbench/revs/jetty/solr/test/contrib/velocity/lib/velocity-tools-NOTICE.txt' to classloader
Nov 13, 2012 12:48:55 PM org.apache.solr.core.SolrConfig <init>
INFO: Using Lucene MatchVersion: LUCENE_35
Nov 13, 2012 12:48:55 PM org.apache.solr.request.UnInvertedField uninvert
INFO: UnInverted multi-valued field {field=lc_1letter_facet,memSize=4224,tindexSize=32,time=0,phase1=0,nTerms=0,bigTerms=0,termInstances=0,uses=0}
Nov 13, 2012 12:48:55 PM org.apache.solr.request.UnInvertedField uninvert
INFO: UnInverted multi-valued field {field=lc_alpha_facet,memSize=4224,tindexSize=32,time=0,phase1=0,nTerms=0,bigTerms=0,termInstances=0,uses=0}
Nov 13, 2012 12:48:55 PM org.apache.solr.request.UnInvertedField uninvert
INFO: UnInverted multi-valued field {field=lc_b4cutter_facet,memSize=4224,tindexSize=32,time=0,phase1=0,nTerms=0,bigTerms=0,termInstances=0,uses=0}
Nov 13, 2012 12:48:55 PM org.apache.solr.request.UnInvertedField uninvert
INFO: UnInverted multi-valued field {field=language_facet,memSize=4224,tindexSize=32,time=0,phase1=0,nTerms=0,bigTerms=0,termInstances=0,uses=0}
Nov 13, 2012 12:48:55 PM org.apache.solr.request.UnInvertedField uninvert
INFO: UnInverted multi-valued field {field=pub_date,memSize=4224,tindexSize=32,time=0,phase1=0,nTerms=0,bigTerms=0,termInstances=0,uses=0}
Nov 13, 2012 12:48:55 PM org.apache.solr.request.UnInvertedField uninvert
INFO: UnInverted multi-valued field {field=subject_era_facet,memSize=4224,tindexSize=32,time=0,phase1=0,nTerms=0,bigTerms=0,termInstances=0,uses=0}
Nov 13, 2012 12:48:55 PM org.apache.solr.request.UnInvertedField uninvert
INFO: UnInverted multi-valued field {field=subject_geo_facet,memSize=4224,tindexSize=32,time=0,phase1=0,nTerms=0,bigTerms=0,termInstances=0,uses=0}
Nov 13, 2012 12:48:55 PM org.apache.solr.request.UnInvertedField uninvert
INFO: UnInverted multi-valued field {field=subject_topic_facet,memSize=4224,tindexSize=32,time=0,phase1=0,nTerms=0,bigTerms=0,termInstances=0,uses=0}
Nov 13, 2012 12:48:55 PM org.apache.solr.core.SolrCore execute
INFO: [dev] webapp=null path=null params={event=firstSearcher&q=static+firstSearcher+warming+in+solrconfig.xml} hits=0 status=0 QTime=283 
Nov 13, 2012 12:48:55 PM org.apache.solr.core.QuerySenderListener newSearcher
INFO: QuerySenderListener done.
Nov 13, 2012 12:48:55 PM org.apache.solr.handler.component.SpellCheckComponent$SpellCheckerListener newSearcher
INFO: Loading spell index for spellchecker: default
Nov 13, 2012 12:48:55 PM org.apache.solr.handler.component.SpellCheckComponent$SpellCheckerListener newSearcher
INFO: Loading spell index for spellchecker: author
Nov 13, 2012 12:48:55 PM org.apache.solr.handler.component.SpellCheckComponent$SpellCheckerListener newSearcher
INFO: Loading spell index for spellchecker: subject
Nov 13, 2012 12:48:55 PM org.apache.solr.handler.component.SpellCheckComponent$SpellCheckerListener newSearcher
INFO: Loading spell index for spellchecker: title
Nov 13, 2012 12:48:55 PM org.apache.solr.core.SolrCore registerSearcher
INFO: [dev] Registered new searcher Searcher@619646fd main
Nov 13, 2012 12:48:55 PM org.apache.solr.core.SolrConfig <init>
INFO: Loaded SolrConfig: solrconfig.xml
Nov 13, 2012 12:48:55 PM org.apache.solr.schema.IndexSchema readSchema
INFO: Reading Solr Schema
Nov 13, 2012 12:48:55 PM org.apache.solr.schema.IndexSchema readSchema
INFO: Schema name=Blacklight Demo Index
Nov 13, 2012 12:48:55 PM org.apache.solr.util.plugin.AbstractPluginLoader load
INFO: created string: org.apache.solr.schema.StrField
Nov 13, 2012 12:48:55 PM org.apache.solr.util.plugin.AbstractPluginLoader load
INFO: created boolean: org.apache.solr.schema.BoolField
Nov 13, 2012 12:48:55 PM org.apache.solr.util.plugin.AbstractPluginLoader load
INFO: created binary: org.apache.solr.schema.BinaryField
Nov 13, 2012 12:48:55 PM org.apache.solr.util.plugin.AbstractPluginLoader load
INFO: created int: org.apache.solr.schema.TrieIntField
Nov 13, 2012 12:48:55 PM org.apache.solr.util.plugin.AbstractPluginLoader load
INFO: created float: org.apache.solr.schema.TrieFloatField
Nov 13, 2012 12:48:55 PM org.apache.solr.util.plugin.AbstractPluginLoader load
INFO: created long: org.apache.solr.schema.TrieLongField
Nov 13, 2012 12:48:55 PM org.apache.solr.util.plugin.AbstractPluginLoader load
INFO: created double: org.apache.solr.schema.TrieDoubleField
Nov 13, 2012 12:48:55 PM org.apache.solr.util.plugin.AbstractPluginLoader load
INFO: created tint: org.apache.solr.schema.TrieIntField
Nov 13, 2012 12:48:55 PM org.apache.solr.util.plugin.AbstractPluginLoader load
INFO: created tfloat: org.apache.solr.schema.TrieFloatField
Nov 13, 2012 12:48:55 PM org.apache.solr.util.plugin.AbstractPluginLoader load
INFO: created tlong: org.apache.solr.schema.TrieLongField
Nov 13, 2012 12:48:55 PM org.apache.solr.util.plugin.AbstractPluginLoader load
INFO: created tdouble: org.apache.solr.schema.TrieDoubleField
Nov 13, 2012 12:48:56 PM org.apache.solr.util.plugin.AbstractPluginLoader load
INFO: created date: org.apache.solr.schema.TrieDateField
Nov 13, 2012 12:48:56 PM org.apache.solr.util.plugin.AbstractPluginLoader load
INFO: created tdate: org.apache.solr.schema.TrieDateField
Nov 13, 2012 12:48:56 PM org.apache.solr.util.plugin.AbstractPluginLoader load
INFO: created pint: org.apache.solr.schema.IntField
Nov 13, 2012 12:48:56 PM org.apache.solr.util.plugin.AbstractPluginLoader load
INFO: created plong: org.apache.solr.schema.LongField
Nov 13, 2012 12:48:56 PM org.apache.solr.util.plugin.AbstractPluginLoader load
INFO: created pfloat: org.apache.solr.schema.FloatField
Nov 13, 2012 12:48:56 PM org.apache.solr.util.plugin.AbstractPluginLoader load
INFO: created pdouble: org.apache.solr.schema.DoubleField
Nov 13, 2012 12:48:56 PM org.apache.solr.util.plugin.AbstractPluginLoader load
INFO: created pdate: org.apache.solr.schema.DateField
Nov 13, 2012 12:48:56 PM org.apache.solr.util.plugin.AbstractPluginLoader load
INFO: created sint: org.apache.solr.schema.SortableIntField
Nov 13, 2012 12:48:56 PM org.apache.solr.util.plugin.AbstractPluginLoader load
INFO: created slong: org.apache.solr.schema.SortableLongField
Nov 13, 2012 12:48:56 PM org.apache.solr.util.plugin.AbstractPluginLoader load
INFO: created sfloat: org.apache.solr.schema.SortableFloatField
Nov 13, 2012 12:48:56 PM org.apache.solr.util.plugin.AbstractPluginLoader load
INFO: created sdouble: org.apache.solr.schema.SortableDoubleField
Nov 13, 2012 12:48:56 PM org.apache.solr.util.plugin.AbstractPluginLoader load
INFO: created random: org.apache.solr.schema.RandomSortField
Nov 13, 2012 12:48:56 PM org.apache.solr.util.plugin.AbstractPluginLoader load
INFO: created : org.apache.solr.analysis.StandardTokenizerFactory
Nov 13, 2012 12:48:56 PM org.apache.solr.util.plugin.AbstractPluginLoader load
INFO: created : org.apache.solr.analysis.ICUFoldingFilterFactory
Nov 13, 2012 12:48:56 PM org.apache.solr.util.plugin.AbstractPluginLoader load
INFO: created : org.apache.solr.analysis.StopFilterFactory
Nov 13, 2012 12:48:56 PM org.apache.solr.util.plugin.AbstractPluginLoader load
INFO: created : org.apache.solr.analysis.SnowballPorterFilterFactory
Nov 13, 2012 12:48:56 PM org.apache.solr.util.plugin.AbstractPluginLoader load
INFO: created text: org.apache.solr.schema.TextField
Nov 13, 2012 12:48:56 PM org.apache.solr.util.plugin.AbstractPluginLoader load
INFO: created : org.apache.solr.analysis.WhitespaceTokenizerFactory
Nov 13, 2012 12:48:56 PM org.apache.solr.util.plugin.AbstractPluginLoader load
INFO: created text_ws: org.apache.solr.schema.TextField
Nov 13, 2012 12:48:56 PM org.apache.solr.util.plugin.AbstractPluginLoader load
INFO: created : org.apache.solr.analysis.StandardTokenizerFactory
Nov 13, 2012 12:48:56 PM org.apache.solr.util.plugin.AbstractPluginLoader load
INFO: created : org.apache.solr.analysis.StopFilterFactory
Nov 13, 2012 12:48:56 PM org.apache.solr.util.plugin.AbstractPluginLoader load
INFO: created : org.apache.solr.analysis.SynonymFilterFactory
Nov 13, 2012 12:48:56 PM org.apache.solr.util.plugin.AbstractPluginLoader load
INFO: created : org.apache.solr.analysis.LowerCaseFilterFactory
Nov 13, 2012 12:48:56 PM org.apache.solr.util.plugin.AbstractPluginLoader load
INFO: created : org.apache.solr.analysis.StandardTokenizerFactory
Nov 13, 2012 12:48:56 PM org.apache.solr.util.plugin.AbstractPluginLoader load
INFO: created : org.apache.solr.analysis.StopFilterFactory
Nov 13, 2012 12:48:56 PM org.apache.solr.util.plugin.AbstractPluginLoader load
INFO: created : org.apache.solr.analysis.LowerCaseFilterFactory
Nov 13, 2012 12:48:56 PM org.apache.solr.util.plugin.AbstractPluginLoader load
INFO: created text_general: org.apache.solr.schema.TextField
Nov 13, 2012 12:48:56 PM org.apache.solr.util.plugin.AbstractPluginLoader load
INFO: created : org.apache.solr.analysis.StandardTokenizerFactory
Nov 13, 2012 12:48:56 PM org.apache.solr.util.plugin.AbstractPluginLoader load
INFO: created : org.apache.solr.analysis.SynonymFilterFactory
Nov 13, 2012 12:48:56 PM org.apache.solr.util.plugin.AbstractPluginLoader load
INFO: created : org.apache.solr.analysis.StopFilterFactory
Nov 13, 2012 12:48:56 PM org.apache.solr.util.plugin.AbstractPluginLoader load
INFO: created : org.apache.solr.analysis.LowerCaseFilterFactory
Nov 13, 2012 12:48:56 PM org.apache.solr.util.plugin.AbstractPluginLoader load
INFO: created : org.apache.solr.analysis.EnglishPossessiveFilterFactory
Nov 13, 2012 12:48:56 PM org.apache.solr.util.plugin.AbstractPluginLoader load
INFO: created : org.apache.solr.analysis.KeywordMarkerFilterFactory
Nov 13, 2012 12:48:56 PM org.apache.solr.util.plugin.AbstractPluginLoader load
INFO: created : org.apache.solr.analysis.PorterStemFilterFactory
Nov 13, 2012 12:48:56 PM org.apache.solr.util.plugin.AbstractPluginLoader load
INFO: created : org.apache.solr.analysis.StandardTokenizerFactory
Nov 13, 2012 12:48:56 PM org.apache.solr.util.plugin.AbstractPluginLoader load
INFO: created : org.apache.solr.analysis.StopFilterFactory
Nov 13, 2012 12:48:56 PM org.apache.solr.util.plugin.AbstractPluginLoader load
INFO: created : org.apache.solr.analysis.LowerCaseFilterFactory
Nov 13, 2012 12:48:56 PM org.apache.solr.util.plugin.AbstractPluginLoader load
INFO: created : org.apache.solr.analysis.EnglishPossessiveFilterFactory
Nov 13, 2012 12:48:56 PM org.apache.solr.util.plugin.AbstractPluginLoader load
INFO: created : org.apache.solr.analysis.KeywordMarkerFilterFactory
Nov 13, 2012 12:48:56 PM org.apache.solr.util.plugin.AbstractPluginLoader load
INFO: created : org.apache.solr.analysis.PorterStemFilterFactory
Nov 13, 2012 12:48:56 PM org.apache.solr.util.plugin.AbstractPluginLoader load
INFO: created text_en: org.apache.solr.schema.TextField
Nov 13, 2012 12:48:56 PM org.apache.solr.util.plugin.AbstractPluginLoader load
INFO: created : org.apache.solr.analysis.WhitespaceTokenizerFactory
Nov 13, 2012 12:48:56 PM org.apache.solr.util.plugin.AbstractPluginLoader load
INFO: created : org.apache.solr.analysis.SynonymFilterFactory
Nov 13, 2012 12:48:56 PM org.apache.solr.util.plugin.AbstractPluginLoader load
INFO: created : org.apache.solr.analysis.StopFilterFactory
Nov 13, 2012 12:48:56 PM org.apache.solr.util.plugin.AbstractPluginLoader load
INFO: created : org.apache.solr.analysis.WordDelimiterFilterFactory
Nov 13, 2012 12:48:56 PM org.apache.solr.util.plugin.AbstractPluginLoader load
INFO: created : org.apache.solr.analysis.LowerCaseFilterFactory
Nov 13, 2012 12:48:56 PM org.apache.solr.util.plugin.AbstractPluginLoader load
INFO: created : org.apache.solr.analysis.KeywordMarkerFilterFactory
Nov 13, 2012 12:48:56 PM org.apache.solr.util.plugin.AbstractPluginLoader load
INFO: created : org.apache.solr.analysis.PorterStemFilterFactory
Nov 13, 2012 12:48:56 PM org.apache.solr.util.plugin.AbstractPluginLoader load
INFO: created : org.apache.solr.analysis.WhitespaceTokenizerFactory
Nov 13, 2012 12:48:56 PM org.apache.solr.util.plugin.AbstractPluginLoader load
INFO: created : org.apache.solr.analysis.StopFilterFactory
Nov 13, 2012 12:48:56 PM org.apache.solr.util.plugin.AbstractPluginLoader load
INFO: created : org.apache.solr.analysis.WordDelimiterFilterFactory
Nov 13, 2012 12:48:56 PM org.apache.solr.util.plugin.AbstractPluginLoader load
INFO: created : org.apache.solr.analysis.LowerCaseFilterFactory
Nov 13, 2012 12:48:56 PM org.apache.solr.util.plugin.AbstractPluginLoader load
INFO: created : org.apache.solr.analysis.KeywordMarkerFilterFactory
Nov 13, 2012 12:48:56 PM org.apache.solr.util.plugin.AbstractPluginLoader load
INFO: created : org.apache.solr.analysis.PorterStemFilterFactory
Nov 13, 2012 12:48:56 PM org.apache.solr.util.plugin.AbstractPluginLoader load
INFO: created text_en_splitting: org.apache.solr.schema.TextField
Nov 13, 2012 12:48:56 PM org.apache.solr.util.plugin.AbstractPluginLoader load
INFO: created : org.apache.solr.analysis.WhitespaceTokenizerFactory
Nov 13, 2012 12:48:56 PM org.apache.solr.util.plugin.AbstractPluginLoader load
INFO: created : org.apache.solr.analysis.SynonymFilterFactory
Nov 13, 2012 12:48:56 PM org.apache.solr.util.plugin.AbstractPluginLoader load
INFO: created : org.apache.solr.analysis.StopFilterFactory
Nov 13, 2012 12:48:56 PM org.apache.solr.util.plugin.AbstractPluginLoader load
INFO: created : org.apache.solr.analysis.WordDelimiterFilterFactory
Nov 13, 2012 12:48:56 PM org.apache.solr.util.plugin.AbstractPluginLoader load
INFO: created : org.apache.solr.analysis.LowerCaseFilterFactory
Nov 13, 2012 12:48:56 PM org.apache.solr.util.plugin.AbstractPluginLoader load
INFO: created : org.apache.solr.analysis.KeywordMarkerFilterFactory
Nov 13, 2012 12:48:56 PM org.apache.solr.util.plugin.AbstractPluginLoader load
INFO: created : org.apache.solr.analysis.EnglishMinimalStemFilterFactory
Nov 13, 2012 12:48:56 PM org.apache.solr.util.plugin.AbstractPluginLoader load
INFO: created : org.apache.solr.analysis.RemoveDuplicatesTokenFilterFactory
Nov 13, 2012 12:48:56 PM org.apache.solr.util.plugin.AbstractPluginLoader load
INFO: created text_en_splitting_tight: org.apache.solr.schema.TextField
Nov 13, 2012 12:48:56 PM org.apache.solr.util.plugin.AbstractPluginLoader load
INFO: created : org.apache.solr.analysis.StandardTokenizerFactory
Nov 13, 2012 12:48:56 PM org.apache.solr.util.plugin.AbstractPluginLoader load
INFO: created : org.apache.solr.analysis.SynonymFilterFactory
Nov 13, 2012 12:48:56 PM org.apache.solr.util.plugin.AbstractPluginLoader load
INFO: created : org.apache.solr.analysis.StopFilterFactory
Nov 13, 2012 12:48:56 PM org.apache.solr.util.plugin.AbstractPluginLoader load
INFO: created : org.apache.solr.analysis.LowerCaseFilterFactory
Nov 13, 2012 12:48:56 PM org.apache.solr.util.plugin.AbstractPluginLoader load
INFO: created : org.apache.solr.analysis.StandardTokenizerFactory
Nov 13, 2012 12:48:56 PM org.apache.solr.util.plugin.AbstractPluginLoader load
INFO: created : org.apache.solr.analysis.StopFilterFactory
Nov 13, 2012 12:48:56 PM org.apache.solr.util.plugin.AbstractPluginLoader load
INFO: created : org.apache.solr.analysis.LowerCaseFilterFactory
Nov 13, 2012 12:48:56 PM org.apache.solr.util.plugin.AbstractPluginLoader load
INFO: created : org.apache.solr.analysis.ReversedWildcardFilterFactory
Nov 13, 2012 12:48:56 PM org.apache.solr.util.plugin.AbstractPluginLoader load
INFO: created text_general_rev: org.apache.solr.schema.TextField
Nov 13, 2012 12:48:56 PM org.apache.solr.util.plugin.AbstractPluginLoader load
INFO: created : org.apache.solr.analysis.StandardTokenizerFactory
Nov 13, 2012 12:48:56 PM org.apache.solr.util.plugin.AbstractPluginLoader load
INFO: created : org.apache.solr.analysis.StopFilterFactory
Nov 13, 2012 12:48:56 PM org.apache.solr.util.plugin.AbstractPluginLoader load
INFO: created : org.apache.solr.analysis.StandardFilterFactory
Nov 13, 2012 12:48:56 PM org.apache.solr.util.plugin.AbstractPluginLoader load
INFO: created : org.apache.solr.analysis.LowerCaseFilterFactory
Nov 13, 2012 12:48:56 PM org.apache.solr.util.plugin.AbstractPluginLoader load
INFO: created : org.apache.solr.analysis.RemoveDuplicatesTokenFilterFactory
Nov 13, 2012 12:48:56 PM org.apache.solr.util.plugin.AbstractPluginLoader load
INFO: created textSpell: org.apache.solr.schema.TextField
Nov 13, 2012 12:48:56 PM org.apache.solr.util.plugin.AbstractPluginLoader load
INFO: created : org.apache.solr.analysis.KeywordTokenizerFactory
Nov 13, 2012 12:48:56 PM org.apache.solr.util.plugin.AbstractPluginLoader load
INFO: created : org.apache.solr.analysis.LowerCaseFilterFactory
Nov 13, 2012 12:48:56 PM org.apache.solr.util.plugin.AbstractPluginLoader load
INFO: created : org.apache.solr.analysis.TrimFilterFactory
Nov 13, 2012 12:48:56 PM org.apache.solr.util.plugin.AbstractPluginLoader load
INFO: created : org.apache.solr.analysis.PatternReplaceFilterFactory
Nov 13, 2012 12:48:56 PM org.apache.solr.util.plugin.AbstractPluginLoader load
INFO: created alphaOnlySort: org.apache.solr.schema.TextField
Nov 13, 2012 12:48:56 PM org.apache.solr.util.plugin.AbstractPluginLoader load
INFO: created : org.apache.solr.analysis.StandardTokenizerFactory
Nov 13, 2012 12:48:56 PM org.apache.solr.util.plugin.AbstractPluginLoader load
INFO: created : org.apache.solr.analysis.DoubleMetaphoneFilterFactory
Nov 13, 2012 12:48:56 PM org.apache.solr.util.plugin.AbstractPluginLoader load
INFO: created phonetic: org.apache.solr.schema.TextField
Nov 13, 2012 12:48:56 PM org.apache.solr.util.plugin.AbstractPluginLoader load
INFO: created : org.apache.solr.analysis.WhitespaceTokenizerFactory
Nov 13, 2012 12:48:56 PM org.apache.solr.util.plugin.AbstractPluginLoader load
INFO: created : org.apache.solr.analysis.DelimitedPayloadTokenFilterFactory
Nov 13, 2012 12:48:56 PM org.apache.solr.util.plugin.AbstractPluginLoader load
INFO: created payloads: org.apache.solr.schema.TextField
Nov 13, 2012 12:48:56 PM org.apache.solr.util.plugin.AbstractPluginLoader load
INFO: created : org.apache.solr.analysis.KeywordTokenizerFactory
Nov 13, 2012 12:48:56 PM org.apache.solr.util.plugin.AbstractPluginLoader load
INFO: created : org.apache.solr.analysis.LowerCaseFilterFactory
Nov 13, 2012 12:48:56 PM org.apache.solr.util.plugin.AbstractPluginLoader load
INFO: created lowercase: org.apache.solr.schema.TextField
Nov 13, 2012 12:48:56 PM org.apache.solr.util.plugin.AbstractPluginLoader load
INFO: created : org.apache.solr.analysis.PathHierarchyTokenizerFactory
Nov 13, 2012 12:48:56 PM org.apache.solr.util.plugin.AbstractPluginLoader load
INFO: created text_path: org.apache.solr.schema.TextField
Nov 13, 2012 12:48:56 PM org.apache.solr.util.plugin.AbstractPluginLoader load
INFO: created ignored: org.apache.solr.schema.StrField
Nov 13, 2012 12:48:56 PM org.apache.solr.util.plugin.AbstractPluginLoader load
INFO: created point: org.apache.solr.schema.PointType
Nov 13, 2012 12:48:56 PM org.apache.solr.util.plugin.AbstractPluginLoader load
INFO: created location: org.apache.solr.schema.LatLonType
Nov 13, 2012 12:48:56 PM org.apache.solr.util.plugin.AbstractPluginLoader load
INFO: created geohash: org.apache.solr.schema.GeoHashField
Nov 13, 2012 12:48:56 PM org.apache.solr.schema.IndexSchema readSchema
INFO: default search field is text
Nov 13, 2012 12:48:56 PM org.apache.solr.schema.IndexSchema readSchema
INFO: query parser default operator is OR
Nov 13, 2012 12:48:56 PM org.apache.solr.schema.IndexSchema readSchema
INFO: unique key field: id
Nov 13, 2012 12:48:56 PM org.apache.solr.core.SolrCore <init>
INFO: [test] Opening new SolrCore at /Applications/eclipse/workbench/revs/jetty/solr/test/, dataDir=/Applications/eclipse/workbench/revs/jetty/solr/test/data/
Nov 13, 2012 12:48:56 PM org.apache.solr.core.JmxMonitoredMap <init>
INFO: No JMX servers found, not exposing Solr information with JMX.
Nov 13, 2012 12:48:56 PM org.apache.solr.core.SolrCore initListeners
INFO: [test] Added SolrEventListener for newSearcher: org.apache.solr.core.QuerySenderListener{queries=[]}
Nov 13, 2012 12:48:56 PM org.apache.solr.core.SolrCore initListeners
INFO: [test] Added SolrEventListener for firstSearcher: org.apache.solr.core.QuerySenderListener{queries=[{q=static firstSearcher warming in solrconfig.xml}]}
Nov 13, 2012 12:48:56 PM org.apache.solr.response.XSLTResponseWriter init
INFO: xsltCacheLifetimeSeconds=5
Nov 13, 2012 12:48:56 PM org.apache.solr.core.RequestHandlers initHandlersFromConfig
INFO: created search: solr.SearchHandler
Nov 13, 2012 12:48:56 PM org.apache.solr.core.RequestHandlers initHandlersFromConfig
INFO: created document: solr.SearchHandler
Nov 13, 2012 12:48:56 PM org.apache.solr.core.RequestHandlers initHandlersFromConfig
INFO: created advanced: solr.SearchHandler
Nov 13, 2012 12:48:56 PM org.apache.solr.core.RequestHandlers initHandlersFromConfig
INFO: created /update: solr.XmlUpdateRequestHandler
Nov 13, 2012 12:48:56 PM org.apache.solr.core.RequestHandlers initHandlersFromConfig
INFO: created /update/javabin: solr.BinaryUpdateRequestHandler
Nov 13, 2012 12:48:56 PM org.apache.solr.core.RequestHandlers initHandlersFromConfig
INFO: adding lazy requestHandler: solr.CSVRequestHandler
Nov 13, 2012 12:48:56 PM org.apache.solr.core.RequestHandlers initHandlersFromConfig
INFO: created /update/csv: solr.CSVRequestHandler
Nov 13, 2012 12:48:56 PM org.apache.solr.core.RequestHandlers initHandlersFromConfig
INFO: adding lazy requestHandler: solr.JsonUpdateRequestHandler
Nov 13, 2012 12:48:56 PM org.apache.solr.core.RequestHandlers initHandlersFromConfig
INFO: created /update/json: solr.JsonUpdateRequestHandler
Nov 13, 2012 12:48:56 PM org.apache.solr.core.RequestHandlers initHandlersFromConfig
INFO: adding lazy requestHandler: solr.extraction.ExtractingRequestHandler
Nov 13, 2012 12:48:56 PM org.apache.solr.core.RequestHandlers initHandlersFromConfig
INFO: created /update/extract: solr.extraction.ExtractingRequestHandler
Nov 13, 2012 12:48:56 PM org.apache.solr.core.RequestHandlers initHandlersFromConfig
INFO: adding lazy requestHandler: solr.FieldAnalysisRequestHandler
Nov 13, 2012 12:48:56 PM org.apache.solr.core.RequestHandlers initHandlersFromConfig
INFO: created /analysis/field: solr.FieldAnalysisRequestHandler
Nov 13, 2012 12:48:56 PM org.apache.solr.core.RequestHandlers initHandlersFromConfig
INFO: adding lazy requestHandler: solr.DocumentAnalysisRequestHandler
Nov 13, 2012 12:48:56 PM org.apache.solr.core.RequestHandlers initHandlersFromConfig
INFO: created /analysis/document: solr.DocumentAnalysisRequestHandler
Nov 13, 2012 12:48:56 PM org.apache.solr.core.RequestHandlers initHandlersFromConfig
INFO: created /admin/: solr.admin.AdminHandlers
Nov 13, 2012 12:48:56 PM org.apache.solr.core.RequestHandlers initHandlersFromConfig
INFO: created /admin/ping: solr.PingRequestHandler
Nov 13, 2012 12:48:56 PM org.apache.solr.core.RequestHandlers initHandlersFromConfig
INFO: created /debug/dump: solr.DumpRequestHandler
Nov 13, 2012 12:48:56 PM org.apache.solr.core.RequestHandlers initHandlersFromConfig
INFO: adding lazy requestHandler: solr.SearchHandler
Nov 13, 2012 12:48:56 PM org.apache.solr.core.RequestHandlers initHandlersFromConfig
INFO: created /spell: solr.SearchHandler
Nov 13, 2012 12:48:56 PM org.apache.solr.core.RequestHandlers initHandlersFromConfig
INFO: adding lazy requestHandler: solr.SearchHandler
Nov 13, 2012 12:48:56 PM org.apache.solr.core.RequestHandlers initHandlersFromConfig
INFO: created tvrh: solr.SearchHandler
Nov 13, 2012 12:48:56 PM org.apache.solr.core.RequestHandlers initHandlersFromConfig
INFO: adding lazy requestHandler: solr.SearchHandler
Nov 13, 2012 12:48:56 PM org.apache.solr.core.RequestHandlers initHandlersFromConfig
INFO: created /terms: solr.SearchHandler
Nov 13, 2012 12:48:56 PM org.apache.solr.core.RequestHandlers initHandlersFromConfig
INFO: adding lazy requestHandler: solr.SearchHandler
Nov 13, 2012 12:48:56 PM org.apache.solr.core.RequestHandlers initHandlersFromConfig
INFO: created /elevate: solr.SearchHandler
Nov 13, 2012 12:48:56 PM org.apache.solr.search.SolrIndexSearcher <init>
INFO: Opening Searcher@1c04298e main
Nov 13, 2012 12:48:56 PM org.apache.solr.update.CommitTracker <init>
INFO: commitTracker AutoCommit: disabled
Nov 13, 2012 12:48:56 PM org.apache.solr.handler.component.SpellCheckComponent inform
INFO: Initializing spell checkers
Nov 13, 2012 12:48:56 PM org.apache.solr.handler.component.SpellCheckComponent inform
INFO: Registering newSearcher listener for spellchecker: default
Nov 13, 2012 12:48:56 PM org.apache.solr.handler.component.SpellCheckComponent inform
INFO: Registering newSearcher listener for spellchecker: author
Nov 13, 2012 12:48:56 PM org.apache.solr.handler.component.SpellCheckComponent inform
INFO: Registering newSearcher listener for spellchecker: subject
Nov 13, 2012 12:48:56 PM org.apache.solr.handler.component.SpellCheckComponent inform
INFO: Registering newSearcher listener for spellchecker: title
Nov 13, 2012 12:48:56 PM org.apache.solr.handler.component.SpellCheckComponent inform
WARNING: No queryConverter defined, using default converter
Nov 13, 2012 12:48:56 PM org.apache.solr.handler.component.QueryElevationComponent inform
INFO: Loading QueryElevation from: /Applications/eclipse/workbench/revs/jetty/solr/test/conf/elevate.xml
Nov 13, 2012 12:48:56 PM org.apache.solr.handler.component.SearchHandler inform
INFO: Adding  component:org.apache.solr.handler.component.QueryComponent@55443800
Nov 13, 2012 12:48:56 PM org.apache.solr.handler.component.SearchHandler inform
INFO: Adding  component:org.apache.solr.handler.component.FacetComponent@71b8b3bb
Nov 13, 2012 12:48:56 PM org.apache.solr.handler.component.SearchHandler inform
INFO: Adding  component:org.apache.solr.handler.component.MoreLikeThisComponent@151ff451
Nov 13, 2012 12:48:56 PM org.apache.solr.handler.component.SearchHandler inform
INFO: Adding  component:org.apache.solr.handler.component.HighlightComponent@64e0fcac
Nov 13, 2012 12:48:56 PM org.apache.solr.handler.component.SearchHandler inform
INFO: Adding  component:org.apache.solr.handler.component.StatsComponent@6eecb3f1
Nov 13, 2012 12:48:56 PM org.apache.solr.handler.component.SearchHandler inform
INFO: Adding  component:org.apache.solr.handler.component.SpellCheckComponent@7619cc1b
Nov 13, 2012 12:48:56 PM org.apache.solr.handler.component.SearchHandler inform
INFO: Adding  debug component:org.apache.solr.handler.component.DebugComponent@17a73d30
Nov 13, 2012 12:48:56 PM org.apache.solr.handler.component.SearchHandler inform
INFO: Adding  component:org.apache.solr.handler.component.QueryComponent@55443800
Nov 13, 2012 12:48:56 PM org.apache.solr.handler.component.SearchHandler inform
INFO: Adding  component:org.apache.solr.handler.component.FacetComponent@71b8b3bb
Nov 13, 2012 12:48:56 PM org.apache.solr.handler.component.SearchHandler inform
INFO: Adding  component:org.apache.solr.handler.component.MoreLikeThisComponent@151ff451
Nov 13, 2012 12:48:56 PM org.apache.solr.handler.component.SearchHandler inform
INFO: Adding  component:org.apache.solr.handler.component.HighlightComponent@64e0fcac
Nov 13, 2012 12:48:56 PM org.apache.solr.handler.component.SearchHandler inform
INFO: Adding  component:org.apache.solr.handler.component.StatsComponent@6eecb3f1
Nov 13, 2012 12:48:56 PM org.apache.solr.handler.component.SearchHandler inform
INFO: Adding  debug component:org.apache.solr.handler.component.DebugComponent@17a73d30
Nov 13, 2012 12:48:56 PM org.apache.solr.handler.component.SearchHandler inform
INFO: Adding  component:org.apache.solr.handler.component.QueryComponent@55443800
Nov 13, 2012 12:48:56 PM org.apache.solr.handler.component.SearchHandler inform
INFO: Adding  component:org.apache.solr.handler.component.FacetComponent@71b8b3bb
Nov 13, 2012 12:48:56 PM org.apache.solr.handler.component.SearchHandler inform
INFO: Adding  component:org.apache.solr.handler.component.MoreLikeThisComponent@151ff451
Nov 13, 2012 12:48:56 PM org.apache.solr.handler.component.SearchHandler inform
INFO: Adding  component:org.apache.solr.handler.component.HighlightComponent@64e0fcac
Nov 13, 2012 12:48:56 PM org.apache.solr.handler.component.SearchHandler inform
INFO: Adding  component:org.apache.solr.handler.component.StatsComponent@6eecb3f1
Nov 13, 2012 12:48:56 PM org.apache.solr.handler.component.SearchHandler inform
INFO: Adding  component:org.apache.solr.handler.component.SpellCheckComponent@7619cc1b
Nov 13, 2012 12:48:56 PM org.apache.solr.handler.component.SearchHandler inform
INFO: Adding  debug component:org.apache.solr.handler.component.DebugComponent@17a73d30
Nov 13, 2012 12:48:56 PM org.apache.solr.core.QuerySenderListener newSearcher
INFO: QuerySenderListener sending requests to Searcher@1c04298e main
Nov 13, 2012 12:48:56 PM org.apache.solr.core.CoreContainer register
INFO: registering core: test
Nov 13, 2012 12:48:56 PM org.apache.solr.servlet.SolrDispatchFilter init
INFO: user.dir=/Applications/eclipse/workbench/revs/jetty
Nov 13, 2012 12:48:56 PM org.apache.solr.servlet.SolrDispatchFilter init
INFO: SolrDispatchFilter.init() done
Nov 13, 2012 12:48:56 PM org.apache.solr.servlet.SolrServlet init
INFO: SolrServlet.init()
Nov 13, 2012 12:48:56 PM org.apache.solr.core.SolrResourceLoader locateSolrHome
INFO: JNDI not configured for solr (NoInitialContextEx)
Nov 13, 2012 12:48:56 PM org.apache.solr.core.SolrResourceLoader locateSolrHome
INFO: using system property solr.solr.home: /Applications/eclipse/workbench/revs/jetty/solr
Nov 13, 2012 12:48:56 PM org.apache.solr.servlet.SolrServlet init
INFO: SolrServlet.init() done
Nov 13, 2012 12:48:56 PM org.apache.solr.request.UnInvertedField uninvert
INFO: UnInverted multi-valued field {field=lc_1letter_facet,memSize=4224,tindexSize=32,time=0,phase1=0,nTerms=0,bigTerms=0,termInstances=0,uses=0}
Nov 13, 2012 12:48:56 PM org.apache.solr.request.UnInvertedField uninvert
INFO: UnInverted multi-valued field {field=lc_alpha_facet,memSize=4224,tindexSize=32,time=0,phase1=0,nTerms=0,bigTerms=0,termInstances=0,uses=0}
Nov 13, 2012 12:48:56 PM org.apache.solr.request.UnInvertedField uninvert
INFO: UnInverted multi-valued field {field=lc_b4cutter_facet,memSize=4224,tindexSize=32,time=0,phase1=0,nTerms=0,bigTerms=0,termInstances=0,uses=0}
Nov 13, 2012 12:48:56 PM org.apache.solr.core.SolrResourceLoader locateSolrHome
INFO: JNDI not configured for solr (NoInitialContextEx)
Nov 13, 2012 12:48:56 PM org.apache.solr.request.UnInvertedField uninvert
INFO: UnInverted multi-valued field {field=language_facet,memSize=4224,tindexSize=32,time=0,phase1=0,nTerms=0,bigTerms=0,termInstances=0,uses=0}
Nov 13, 2012 12:48:56 PM org.apache.solr.core.SolrResourceLoader locateSolrHome
INFO: using system property solr.solr.home: /Applications/eclipse/workbench/revs/jetty/solr
Nov 13, 2012 12:48:56 PM org.apache.solr.request.UnInvertedField uninvert
INFO: UnInverted multi-valued field {field=pub_date,memSize=4224,tindexSize=32,time=0,phase1=0,nTerms=0,bigTerms=0,termInstances=0,uses=0}
Nov 13, 2012 12:48:56 PM org.apache.solr.servlet.SolrUpdateServlet init
INFO: SolrUpdateServlet.init() done
Nov 13, 2012 12:48:56 PM org.apache.solr.request.UnInvertedField uninvert
INFO: UnInverted multi-valued field {field=subject_era_facet,memSize=4224,tindexSize=32,time=0,phase1=0,nTerms=0,bigTerms=0,termInstances=0,uses=0}
Nov 13, 2012 12:48:56 PM org.apache.solr.request.UnInvertedField uninvert
INFO: UnInverted multi-valued field {field=subject_geo_facet,memSize=4224,tindexSize=32,time=0,phase1=0,nTerms=0,bigTerms=0,termInstances=0,uses=0}
Nov 13, 2012 12:48:56 PM org.apache.solr.request.UnInvertedField uninvert
INFO: UnInverted multi-valued field {field=subject_topic_facet,memSize=4224,tindexSize=32,time=0,phase1=0,nTerms=0,bigTerms=0,termInstances=0,uses=0}
Nov 13, 2012 12:48:56 PM org.apache.solr.core.SolrCore execute
INFO: [test] webapp=null path=null params={event=firstSearcher&q=static+firstSearcher+warming+in+solrconfig.xml} hits=0 status=0 QTime=98 
Nov 13, 2012 12:48:56 PM org.apache.solr.core.QuerySenderListener newSearcher
INFO: QuerySenderListener done.
Nov 13, 2012 12:48:56 PM org.apache.solr.handler.component.SpellCheckComponent$SpellCheckerListener newSearcher
INFO: Loading spell index for spellchecker: default
Nov 13, 2012 12:48:56 PM org.apache.solr.handler.component.SpellCheckComponent$SpellCheckerListener newSearcher
INFO: Loading spell index for spellchecker: author
Nov 13, 2012 12:48:56 PM org.apache.solr.handler.component.SpellCheckComponent$SpellCheckerListener newSearcher
INFO: Loading spell index for spellchecker: subject
2012-11-13 12:48:56.388:INFO::Started SocketConnector@0.0.0.0:8888
Nov 13, 2012 12:48:56 PM org.apache.solr.handler.component.SpellCheckComponent$SpellCheckerListener newSearcher
INFO: Loading spell index for spellchecker: title
Nov 13, 2012 12:48:56 PM org.apache.solr.core.SolrCore registerSearcher
INFO: [test] Registered new searcher Searcher@1c04298e main
2012-11-13 12:49:05.012:INFO::Shutdown hook executing
2012-11-13 12:49:05.012:INFO::Graceful shutdown SocketConnector@0.0.0.0:8888
2012-11-13 12:49:05.013:INFO::Graceful shutdown org.mortbay.jetty.webapp.WebAppContext@76705d28{/solr,file:/Applications/eclipse/workbench/revs/jetty/webapps/solr.war}
2012-11-13 12:49:06.013:INFO::Stopped SocketConnector@0.0.0.0:8888
2012-11-13 12:49:06.133:INFO::Shutdown hook complete
